Command: dotnet workload restore --verbosity quiet; dotnet build --verbosity quiet /p:WarningLevel=0 /p:EnableWindowsTargeting=true; RET=$?; rm -rf ../root/*; exit $RET;
0

Skipping NuGet package signature verification.
Skipping NuGet package signature verification.
Skipping NuGet package signature verification.
Skipping NuGet package signature verification.
Updated advertising manifest microsoft.net.workload.emscripten.net8.
Updated advertising manifest microsoft.net.sdk.macos.
Updated advertising manifest microsoft.net.sdk.maccatalyst.
Updated advertising manifest microsoft.net.workload.emscripten.net6.
Updated advertising manifest microsoft.net.sdk.ios.
Updated advertising manifest microsoft.net.workload.emscripten.net7.
Updated advertising manifest microsoft.net.sdk.maui.
Updated advertising manifest microsoft.net.workload.mono.toolchain.current.
Updated advertising manifest microsoft.net.workload.mono.toolchain.net7.
Updated advertising manifest microsoft.net.workload.mono.toolchain.net8.
Updated advertising manifest microsoft.net.sdk.android.
Updated advertising manifest microsoft.net.sdk.tvos.
Updated advertising manifest microsoft.net.workload.mono.toolchain.net6.
Updated advertising manifest microsoft.net.sdk.aspire.
Updated advertising manifest microsoft.net.workload.emscripten.current.
Installing workload manifest microsoft.net.sdk.android version 35.0.39...
Installing workload manifest microsoft.net.sdk.ios version 18.2.9173...
Installing workload manifest microsoft.net.sdk.maccatalyst version 18.2.9173...
Installing workload manifest microsoft.net.sdk.macos version 15.2.9173...
Installing workload manifest microsoft.net.sdk.maui version 9.0.14...
Installing workload manifest microsoft.net.sdk.tvos version 18.2.9173...
No workloads installed for this feature band. To update workloads installed with earlier SDK versions, include the --from-previous-sdk option.
Garbage collecting for SDK feature band(s) 9.0.100...

Successfully updated workload(s): .

Installing workloads: 

Garbage collecting for SDK feature band(s) 9.0.100...

Successfully installed workload(s) .


Build succeeded.
    0 Warning(s)
    0 Error(s)

Time Elapsed 00:00:13.68

verify returned with:0

using Xunit;

namespace Newtonsoft.Json.Tests
{
    public class JValueTests
    {
        // Test for CreateUndefined method
        [Fact]
        public void CreateUndefined_Test_1()
        {
            // Act
            var result = JValue.CreateUndefined();

            // Assert
            Assert.NotNull(result);
            Assert.Equal(JTokenType.Undefined, result.Type);
            Assert.Null(result.Value);
        }

        [Fact]
        public void CreateUndefined_Test_2()
        {
            // Act
            var result = JValue.CreateUndefined();

            // Assert
            Assert.IsType<JValue>(result);
            Assert.True(result.Equals(JValue.CreateUndefined()));
        }

        [Fact]
        public void CreateUndefined_Test_3()
        {
            // Act
            var result = JValue.CreateUndefined();

            // Assert
            Assert.Equal(0, result.GetHashCode());
        }

        [Fact]
        public void CreateUndefined_Test_4()
        {
            // Act
            var result = JValue.CreateUndefined();

            // Assert
            Assert.True(result.Equals((object)null));
        }

        [Fact]
        public void CreateUndefined_Test_5()
        {
            // Act
            var result = JValue.CreateUndefined();

            // Assert
            Assert.Equal("undefined", result.ToString());
        }
    }
}
Syntactically correct


Modifying context with id: 926
Modification successful! - new_tests - code


Command: cat -n Newtonsoft.Json.Tests/JValueTests.cs; echo "[INFO] Tests run starting!" > out; timeout 120 dotnet test Newtonsoft.Json.Tests/Newtonsoft.Json.Tests.csproj --filter Newtonsoft.Json.Tests.JValueTests --framework net9.0 /p:EnableWindowsTargeting=true --logger "trx;LogFileName=$HOME/test_result.trx"  2>&1 > output; cat output > out; cat output
0
     1	
     2	using Xunit;
     3	
     4	namespace Newtonsoft.Json.Tests
     5	{
     6	    public class JValueTests
     7	    {
     8	        // Test for CreateUndefined method
     9	        [Fact]
    10	        public void CreateUndefined_Test_1()
    11	        {
    12	            // Act
    13	            var result = JValue.CreateUndefined();
    14	
    15	            // Assert
    16	            Assert.NotNull(result);
    17	            Assert.Equal(JTokenType.Undefined, result.Type);
    18	            Assert.Null(result.Value);
    19	        }
    20	
    21	        [Fact]
    22	        public void CreateUndefined_Test_2()
    23	        {
    24	            // Act
    25	            var result = JValue.CreateUndefined();
    26	
    27	            // Assert
    28	            Assert.IsType<JValue>(result);
    29	            Assert.True(result.Equals(JValue.CreateUndefined()));
    30	        }
    31	
    32	        [Fact]
    33	        public void CreateUndefined_Test_3()
    34	        {
    35	            // Act
    36	            var result = JValue.CreateUndefined();
    37	
    38	            // Assert
    39	            Assert.Equal(0, result.GetHashCode());
    40	        }
    41	
    42	        [Fact]
    43	        public void CreateUndefined_Test_4()
    44	        {
    45	            // Act
    46	            var result = JValue.CreateUndefined();
    47	
    48	            // Assert
    49	            Assert.True(result.Equals((object)null));
    50	        }
    51	
    52	        [Fact]
    53	        public void CreateUndefined_Test_5()
    54	        {
    55	            // Act
    56	            var result = JValue.CreateUndefined();
    57	
    58	            // Assert
    59	            Assert.Equal("undefined", result.ToString());
    60	        }
    61	    }
    62	}  Determining projects to restore...
  Restored /root/Newtonsoft.Json/Newtonsoft.Json.csproj (in 2.62 sec).
  Restored /root/Newtonsoft.Json.Tests/Newtonsoft.Json.Tests.csproj (in 4.07 sec).
/root/Newtonsoft.Json/JValue.cs(20,27): warning CS8625: Cannot convert null literal to non-nullable reference type. [/root/Newtonsoft.Json/Newtonsoft.Json.csproj]
  Newtonsoft.Json -> /root/Newtonsoft.Json/bin/Debug/net9.0/Newtonsoft.Json.dll
/root/Newtonsoft.Json.Tests/JValueTests.cs(17,26): error CS0103: The name 'JTokenType' does not exist in the current context [/root/Newtonsoft.Json.Tests/Newtonsoft.Json.Tests.csproj]
/root/Newtonsoft.Json.Tests/JValueTests.cs(17,55): error CS1061: 'JValue' does not contain a definition for 'Type' and no accessible extension method 'Type' accepting a first argument of type 'JValue' could be found (are you missing a using directive or an assembly reference?) [/root/Newtonsoft.Json.Tests/Newtonsoft.Json.Tests.csproj]
/root/Newtonsoft.Json.Tests/JValueTests.cs(18,32): error CS1061: 'JValue' does not contain a definition for 'Value' and no accessible extension method 'Value' accepting a first argument of type 'JValue' could be found (are you missing a using directive or an assembly reference?) [/root/Newtonsoft.Json.Tests/Newtonsoft.Json.Tests.csproj]
/root/Newtonsoft.Json.Tests/JValueTests.cs(49,39): warning CS8600: Converting null literal or possible null value to non-nullable type. [/root/Newtonsoft.Json.Tests/Newtonsoft.Json.Tests.csproj]

Eval Command: cat $HOME/test_result.trx
1
cat: /root/test_result.trx: No such file or directory

Modifying context with id: 926

Unhandled exception. System.IO.DirectoryNotFoundException: Could not find a part of the path '/var/folders/84/pm3zvl915yxcx6mlr7twzxhr0000gn/T/tmp7xw2dnb6/Newtonsoft.Json/Linq/JValue.cs'.
   at Interop.ThrowExceptionForIoErrno(ErrorInfo errorInfo, String path, Boolean isDirError)
   at Microsoft.Win32.SafeHandles.SafeFileHandle.Open(String path, OpenFlags flags, Int32 mode, Boolean failForSymlink, Boolean& wasSymlink, Func`4 createOpenException)
   at Microsoft.Win32.SafeHandles.SafeFileHandle.Open(String fullPath, FileMode mode, FileAccess access, FileShare share, FileOptions options, Int64 preallocationSize, UnixFileMode openPermissions, Int64& fileLength, UnixFileMode& filePermissions, Boolean failForSymlink, Boolean& wasSymlink, Func`4 createOpenException)
   at System.IO.Strategies.OSFileStreamStrategy..ctor(String path, FileMode mode, FileAccess access, FileShare share, FileOptions options, Int64 preallocationSize, Nullable`1 unixCreateMode)
   at System.IO.StreamReader.ValidateArgsAndOpenPath(String path, Encoding encoding, Int32 bufferSize)
   at System.IO.File.ReadAllText(String path, Encoding encoding)
   at Modifier.ReplaceMethodBody(Context context, String methodBody, String projectDir) in /Users/mar/Desktop/Masterarbeit/CSharpTool/Modifier/Modifier.cs:line 56
   at Modifier.ReplaceMethod(String projectDir, Context context) in /Users/mar/Desktop/Masterarbeit/CSharpTool/Modifier/Modifier.cs:line 51
   at Modifier.Modify(String[] args) in /Users/mar/Desktop/Masterarbeit/CSharpTool/Modifier/Modifier.cs:line 33
   at Program.Main(String[] args) in /Users/mar/Desktop/Masterarbeit/CSharpTool/Program.cs:line 19
   at Program.<Main>(String[] args)

